<?xml version="1.0" encoding="UTF-8"?>
<testsuite xmlns:xsi="http://www.w3.org/2001/XMLSchema-instance" xsi:noNamespaceSchemaLocation="https://maven.apache.org/surefire/maven-surefire-plugin/xsd/surefire-test-report-3.0.xsd" version="3.0" name="dev.woundex.booking_service.BoookingConcurrencyTest" time="0.089" tests="2" errors="2" skipped="0" failures="0">
  <properties>
[...]
</properties>
  <testcase name="testConcurrentBookings_shouldOnlyAllowCorrectNumberOfBookings" classname="dev.woundex.booking_service.BoookingConcurrencyTest" time="0.014">
    <error message="Unresolved compilation problems: &#10;	Syntax error on token(s), misplaced construct(s)&#10;	The method thenReturn(RBucket&lt;Object&gt;) in the type OngoingStubbing&lt;RBucket&lt;Object&gt;&gt; is not applicable for the arguments (RBucket&lt;String&gt;)&#10;	The method findAllBySeatIds(anyList()) is undefined for the type SeatRepository&#10;	The constructor SeatType() is undefined&#10;	The constructor SeatType() is undefined&#10;	The type BoookingConcurrencyTest is already defined&#10;" type="java.lang.Error"><![CDATA[java.lang.Error: 
Unresolved compilation problems: 
	Syntax error on token(s), misplaced construct(s)
	The method thenReturn(RBucket<Object>) in the type OngoingStubbing<RBucket<Object>> is not applicable for the arguments (RBucket<String>)
	The method findAllBySeatIds(anyList()) is undefined for the type SeatRepository
	The constructor SeatType() is undefined
	The constructor SeatType() is undefined
	The type BoookingConcurrencyTest is already defined

	at dev.woundex.booking_service.BoookingConcurrencyTest.<init>(BoookingConcurrencyTest.java:1)
	at java.base/java.lang.reflect.Constructor.newInstanceWithCaller(Constructor.java:502)
	at java.base/java.lang.reflect.Constructor.newInstance(Constructor.java:486)
	at java.base/java.util.Optional.orElseGet(Optional.java:364)
	at java.base/java.util.ArrayList.forEach(ArrayList.java:1596)
	at java.base/java.util.ArrayList.forEach(ArrayList.java:1596)
]]></error>
  </testcase>
  <testcase name="testConcurrentBookings_multipleSeatsPerUser" classname="dev.woundex.booking_service.BoookingConcurrencyTest" time="0.003">
    <error message="Unresolved compilation problems: &#10;	Syntax error on token(s), misplaced construct(s)&#10;	The method thenReturn(RBucket&lt;Object&gt;) in the type OngoingStubbing&lt;RBucket&lt;Object&gt;&gt; is not applicable for the arguments (RBucket&lt;String&gt;)&#10;	The method findAllBySeatIds(anyList()) is undefined for the type SeatRepository&#10;	The constructor SeatType() is undefined&#10;	The constructor SeatType() is undefined&#10;	The type BoookingConcurrencyTest is already defined&#10;" type="java.lang.Error"><![CDATA[java.lang.Error: 
Unresolved compilation problems: 
	Syntax error on token(s), misplaced construct(s)
	The method thenReturn(RBucket<Object>) in the type OngoingStubbing<RBucket<Object>> is not applicable for the arguments (RBucket<String>)
	The method findAllBySeatIds(anyList()) is undefined for the type SeatRepository
	The constructor SeatType() is undefined
	The constructor SeatType() is undefined
	The type BoookingConcurrencyTest is already defined

	at dev.woundex.booking_service.BoookingConcurrencyTest.<init>(BoookingConcurrencyTest.java:1)
	at java.base/java.lang.reflect.Constructor.newInstanceWithCaller(Constructor.java:502)
	at java.base/java.lang.reflect.Constructor.newInstance(Constructor.java:486)
	at java.base/java.util.Optional.orElseGet(Optional.java:364)
	at java.base/java.util.ArrayList.forEach(ArrayList.java:1596)
	at java.base/java.util.ArrayList.forEach(ArrayList.java:1596)
]]></error>
  </testcase>
</testsuite>